[INFO ] 2023-11-16 22:02:53.380 [main] BaseClass - First logger msg
[INFO ] 2023-11-16 22:06:25.835 [main] BaseClass - First logger msg
[INFO ] 2023-11-16 22:06:26.310 [main] BaseClass - driver is quit
[INFO ] 2023-11-24 22:02:00.831 [main] BaseClass - First logger msg
[INFO ] 2023-11-24 22:02:01.334 [main] BaseClass - driver is quit
[INFO ] 2023-12-01 21:56:30.928 [main] BaseClass - First logger msg
[INFO ] 2023-12-01 21:56:31.423 [main] BaseClass - driver is quit
[INFO ] 2023-12-19 19:21:07.116 [main] BaseClass - driver is quit
[INFO ] 2023-12-19 19:23:29.069 [main] BaseClass - driver is quit
[INFO ] 2023-12-19 19:26:38.283 [main] BaseClass - driver is quit
[INFO ] 2023-12-19 19:28:03.892 [main] BaseClass - Base URL opened
[INFO ] 2023-12-19 19:28:05.258 [main] BaseClass - driver is quit
[INFO ] 2023-12-19 19:31:02.588 [main] BaseClass - Base URL opened
[INFO ] 2023-12-19 19:31:03.302 [main] BaseClass - driver is quit
[INFO ] 2023-12-19 19:39:31.441 [main] BaseClass - Base URL opened
[INFO ] 2023-12-19 19:39:42.106 [main] BaseClass - driver is quit
[INFO ] 2023-12-19 19:46:15.313 [main] BaseClass - Base URL opened
[INFO ] 2023-12-19 19:46:25.864 [main] BaseClass - driver is quit
[INFO ] 2023-12-19 19:57:44.220 [main] BaseClass - Base URL opened
[INFO ] 2023-12-19 19:57:54.797 [main] BaseClass - driver is quit
[INFO ] 2023-12-19 20:00:46.938 [main] BaseClass - Base URL opened
[INFO ] 2023-12-19 20:00:59.205 [main] BaseClass - driver is quit
[INFO ] 2023-12-19 20:36:05.206 [main] BaseClass - Base URL opened
[INFO ] 2023-12-19 20:36:15.741 [main] BaseClass - driver is quit
[INFO ] 2023-12-19 20:37:50.746 [main] BaseClass - Base URL opened
[INFO ] 2023-12-19 20:37:51.730 [main] BaseClass - driver is quit
[INFO ] 2023-12-19 20:39:47.207 [main] BaseClass - Base URL opened
[INFO ] 2023-12-19 20:39:48.265 [main] BaseClass - driver is quit
[INFO ] 2023-12-19 20:41:15.481 [main] BaseClass - Base URL opened
[INFO ] 2023-12-19 20:41:16.402 [main] BaseClass - driver is quit
[INFO ] 2023-12-19 20:43:40.081 [main] BaseClass - Base URL opened
[INFO ] 2023-12-19 20:43:41.023 [main] BaseClass - driver is quit
[INFO ] 2023-12-25 22:17:49.195 [main] BaseClass - Base URL opened
[INFO ] 2023-12-25 22:17:50.177 [main] BaseClass - driver is quit
[INFO ] 2023-12-25 22:23:57.974 [main] BaseClass - Base URL opened
[INFO ] 2023-12-25 22:23:59.026 [main] BaseClass - driver is quit
[INFO ] 2023-12-25 22:25:51.840 [main] BaseClass - Base URL opened
[INFO ] 2023-12-25 22:25:52.914 [main] BaseClass - driver is quit
[INFO ] 2023-12-25 22:30:25.453 [main] BaseClass - Base URL opened
[INFO ] 2023-12-25 22:30:26.549 [main] BaseClass - driver is quit
[INFO ] 2023-12-25 22:45:20.604 [main] BaseClass - Base URL opened
[INFO ] 2023-12-25 22:45:21.528 [main] BaseClass - driver is quit
[INFO ] 2023-12-27 12:05:35.375 [main] BaseClass - Base URL opened
[INFO ] 2023-12-27 12:05:36.467 [main] BaseClass - driver is quit
[INFO ] 2023-12-27 12:39:46.625 [main] BaseClass - Base URL opened
[INFO ] 2023-12-27 12:39:47.434 [main] BaseClass - driver is quit
[INFO ] 2023-12-27 12:44:51.091 [main] BaseClass - Base URL opened
[INFO ] 2023-12-27 12:44:51.926 [main] BaseClass - driver is quit
[INFO ] 2023-12-27 13:04:48.288 [main] BaseClass - Base URL opened
[INFO ] 2023-12-27 13:04:49.012 [main] BaseClass - driver is quit
[INFO ] 2023-12-27 13:06:39.419 [main] BaseClass - Base URL opened
[INFO ] 2023-12-27 13:06:40.104 [main] BaseClass - driver is quit
[INFO ] 2023-12-27 13:08:56.495 [main] BaseClass - Base URL opened
[INFO ] 2023-12-27 13:08:57.255 [main] BaseClass - driver is quit
[INFO ] 2023-12-27 13:11:11.430 [main] BaseClass - Base URL opened
[INFO ] 2023-12-27 13:11:12.227 [main] BaseClass - driver is quit
[INFO ] 2023-12-27 13:57:10.321 [main] BaseClass - Base URL opened
[INFO ] 2023-12-27 13:57:11.608 [main] BaseClass - driver is quit
[INFO ] 2023-12-27 14:02:29.885 [main] BaseClass - Base URL opened
[INFO ] 2023-12-27 14:02:32.854 [main] BaseClass - driver is quit
[INFO ] 2023-12-27 14:06:00.193 [main] BaseClass - Base URL opened
[INFO ] 2023-12-27 14:06:03.027 [main] BaseClass - driver is quit
[INFO ] 2023-12-27 14:11:49.702 [main] BaseClass - Base URL opened
[INFO ] 2023-12-27 14:11:52.220 [main] BaseClass - driver is quit
[INFO ] 2023-12-27 14:19:50.702 [main] BaseClass - Base URL opened
[INFO ] 2023-12-27 14:19:53.315 [main] BaseClass - driver is quit
[INFO ] 2023-12-27 14:26:24.606 [main] BaseClass - Base URL opened
[INFO ] 2023-12-27 14:26:27.382 [main] BaseClass - driver is quit
[INFO ] 2023-12-27 14:28:29.122 [main] BaseClass - Base URL opened
[INFO ] 2023-12-27 14:28:31.628 [main] BaseClass - driver is quit
[INFO ] 2023-12-29 22:12:46.270 [main] BaseClass - Base URL opened
[INFO ] 2023-12-29 22:12:47.614 [main] BaseClass - driver is quit
[INFO ] 2023-12-29 22:38:10.661 [main] BaseClass - driver is quit
[INFO ] 2024-01-01 19:22:33.175 [main] BaseClass - driver is quit
[INFO ] 2024-01-01 19:47:27.747 [main] BaseClass - driver is quit
[INFO ] 2024-01-01 19:51:21.013 [main] BaseClass - driver is quit
[INFO ] 2024-01-01 19:52:37.387 [main] BaseClass - driver is quit
[INFO ] 2024-01-04 19:19:05.859 [main] BaseClass - driver is quit
[INFO ] 2024-01-04 19:22:51.418 [main] BaseClass - driver is quit
[INFO ] 2024-01-04 19:24:56.335 [main] BaseClass - driver is quit
[INFO ] 2024-01-04 19:33:15.409 [main] BaseClass - driver is quit
[INFO ] 2024-01-04 19:45:19.533 [main] BaseClass - driver is quit
[INFO ] 2024-01-04 19:46:51.519 [main] BaseClass - driver is quit
[INFO ] 2024-01-04 19:51:38.479 [main] BaseClass - driver is quit
[INFO ] 2024-01-04 19:54:38.528 [main] BaseClass - driver is quit
[INFO ] 2024-01-04 19:55:59.013 [main] BaseClass - driver is quit
[INFO ] 2024-01-05 13:47:32.456 [main] BaseClass - driver is quit
[INFO ] 2024-01-05 13:47:58.058 [main] BaseClass - driver is quit
[INFO ] 2024-01-05 13:50:57.389 [main] BaseClass - driver is quit
[INFO ] 2024-01-05 13:53:38.334 [main] BaseClass - driver is quit
[INFO ] 2024-01-05 13:56:23.909 [main] BaseClass - driver is quit
[INFO ] 2024-01-05 13:59:03.418 [main] BaseClass - driver is quit
[INFO ] 2024-01-05 14:01:00.520 [main] BaseClass - driver is quit
[INFO ] 2024-01-13 17:20:23.646 [main] BaseClass - driver is quit
[INFO ] 2024-01-13 17:27:37.087 [main] BaseClass - driver is quit
[INFO ] 2024-02-12 13:34:33.900 [main] BaseClass - driver is quit
[INFO ] 2024-02-12 13:37:07.207 [main] BaseClass - driver is quit
[INFO ] 2024-02-13 11:39:59.717 [main] BaseClass - driver is quit
[INFO ] 2024-02-13 11:41:05.253 [main] BaseClass - driver is quit
[INFO ] 2024-02-13 11:41:48.674 [main] BaseClass - driver is quit
[INFO ] 2024-02-13 11:56:39.037 [main] BaseClass - driver is quit
[INFO ] 2024-02-13 11:58:25.321 [main] BaseClass - driver is quit
[INFO ] 2024-02-13 12:01:19.972 [main] BaseClass - driver is quit
[INFO ] 2024-02-13 12:03:58.966 [main] BaseClass - driver is quit
[INFO ] 2024-02-13 12:13:38.167 [main] BaseClass - driver is quit
[INFO ] 2024-06-02 21:10:08.178 [main] BaseClass - driver is quit
[INFO ] 2024-06-02 21:23:53.302 [main] BaseClass - driver is quit
[INFO ] 2024-06-02 21:25:23.597 [main] BaseClass - driver is quit
[INFO ] 2024-06-02 21:26:59.561 [main] BaseClass - driver is quit
[INFO ] 2024-06-02 21:35:16.827 [main] BaseClass - driver is quit
[INFO ] 2024-06-02 22:19:30.951 [main] BaseClass - driver is quit
[INFO ] 2024-06-02 22:21:55.758 [main] BaseClass - driver is quit
[INFO ] 2024-06-06 19:09:13.371 [main] BaseClass - driver is quit
[INFO ] 2024-06-06 19:19:26.378 [main] BaseClass - driver is quit
[INFO ] 2024-06-06 19:22:40.380 [main] BaseClass - driver is quit
[INFO ] 2024-06-06 19:25:16.269 [main] BaseClass - driver is quit
[INFO ] 2024-06-06 19:26:26.667 [main] BaseClass - driver is quit
[INFO ] 2024-06-06 19:28:47.229 [main] BaseClass - driver is quit
[INFO ] 2024-06-07 21:46:35.265 [main] BaseClass - driver is quit
[INFO ] 2024-06-10 16:10:51.890 [main] BaseClass - driver is quit
[DEBUG] 2024-06-11 11:52:35.704 [main] PackageRelationshipCollection - Parsing relationship: /xl/_rels/workbook.xml.rels
[DEBUG] 2024-06-11 11:52:35.737 [main] PackageRelationshipCollection - Parsing relationship: /_rels/.rels
[DEBUG] 2024-06-11 11:52:36.756 [main] PackageRelationshipCollection - Parsing relationship: /xl/_rels/workbook.xml.rels
[DEBUG] 2024-06-11 11:52:36.758 [main] PackageRelationshipCollection - Parsing relationship: /_rels/.rels
[DEBUG] 2024-06-11 11:52:36.842 [main] PackageRelationshipCollection - Parsing relationship: /xl/_rels/workbook.xml.rels
[DEBUG] 2024-06-11 11:52:36.844 [main] PackageRelationshipCollection - Parsing relationship: /_rels/.rels
[DEBUG] 2024-06-11 11:52:36.910 [main] PackageRelationshipCollection - Parsing relationship: /xl/_rels/workbook.xml.rels
[DEBUG] 2024-06-11 11:52:36.916 [main] PackageRelationshipCollection - Parsing relationship: /_rels/.rels
[DEBUG] 2024-06-11 11:52:36.963 [main] PackageRelationshipCollection - Parsing relationship: /xl/_rels/workbook.xml.rels
[DEBUG] 2024-06-11 11:52:36.964 [main] PackageRelationshipCollection - Parsing relationship: /_rels/.rels
[DEBUG] 2024-06-11 11:52:37.000 [main] PackageRelationshipCollection - Parsing relationship: /xl/_rels/workbook.xml.rels
[DEBUG] 2024-06-11 11:52:37.002 [main] PackageRelationshipCollection - Parsing relationship: /_rels/.rels
[INFO ] 2024-06-11 11:52:37.841 [main] BaseClass - driver is quit
[DEBUG] 2024-06-11 11:58:17.250 [main] PackageRelationshipCollection - Parsing relationship: /xl/_rels/workbook.xml.rels
[DEBUG] 2024-06-11 11:58:17.267 [main] PackageRelationshipCollection - Parsing relationship: /_rels/.rels
[DEBUG] 2024-06-11 11:58:18.508 [main] PackageRelationshipCollection - Parsing relationship: /xl/_rels/workbook.xml.rels
[DEBUG] 2024-06-11 11:58:18.512 [main] PackageRelationshipCollection - Parsing relationship: /_rels/.rels
[DEBUG] 2024-06-11 11:58:18.644 [main] PackageRelationshipCollection - Parsing relationship: /xl/_rels/workbook.xml.rels
[DEBUG] 2024-06-11 11:58:18.646 [main] PackageRelationshipCollection - Parsing relationship: /_rels/.rels
[DEBUG] 2024-06-11 11:58:18.721 [main] PackageRelationshipCollection - Parsing relationship: /xl/_rels/workbook.xml.rels
[DEBUG] 2024-06-11 11:58:18.723 [main] PackageRelationshipCollection - Parsing relationship: /_rels/.rels
[DEBUG] 2024-06-11 11:58:18.869 [main] PackageRelationshipCollection - Parsing relationship: /xl/_rels/workbook.xml.rels
[DEBUG] 2024-06-11 11:58:18.879 [main] PackageRelationshipCollection - Parsing relationship: /_rels/.rels
[DEBUG] 2024-06-11 11:58:18.965 [main] PackageRelationshipCollection - Parsing relationship: /xl/_rels/workbook.xml.rels
[DEBUG] 2024-06-11 11:58:18.967 [main] PackageRelationshipCollection - Parsing relationship: /_rels/.rels
[INFO ] 2024-06-11 11:58:19.940 [main] BaseClass - driver is quit
[DEBUG] 2024-06-11 12:01:56.301 [main] PackageRelationshipCollection - Parsing relationship: /xl/_rels/workbook.xml.rels
[DEBUG] 2024-06-11 12:01:56.320 [main] PackageRelationshipCollection - Parsing relationship: /_rels/.rels
[DEBUG] 2024-06-11 12:01:57.242 [main] PackageRelationshipCollection - Parsing relationship: /xl/_rels/workbook.xml.rels
[DEBUG] 2024-06-11 12:01:57.244 [main] PackageRelationshipCollection - Parsing relationship: /_rels/.rels
[DEBUG] 2024-06-11 12:01:57.292 [main] PackageRelationshipCollection - Parsing relationship: /xl/_rels/workbook.xml.rels
[DEBUG] 2024-06-11 12:01:57.294 [main] PackageRelationshipCollection - Parsing relationship: /_rels/.rels
[DEBUG] 2024-06-11 12:01:57.356 [main] PackageRelationshipCollection - Parsing relationship: /xl/_rels/workbook.xml.rels
[DEBUG] 2024-06-11 12:01:57.358 [main] PackageRelationshipCollection - Parsing relationship: /_rels/.rels
[DEBUG] 2024-06-11 12:01:57.399 [main] PackageRelationshipCollection - Parsing relationship: /xl/_rels/workbook.xml.rels
[DEBUG] 2024-06-11 12:01:57.401 [main] PackageRelationshipCollection - Parsing relationship: /_rels/.rels
[DEBUG] 2024-06-11 12:01:57.441 [main] PackageRelationshipCollection - Parsing relationship: /xl/_rels/workbook.xml.rels
[DEBUG] 2024-06-11 12:01:57.443 [main] PackageRelationshipCollection - Parsing relationship: /_rels/.rels
[INFO ] 2024-06-11 12:01:58.055 [main] BaseClass - driver is quit
[DEBUG] 2024-06-11 12:05:30.027 [main] PackageRelationshipCollection - Parsing relationship: /xl/_rels/workbook.xml.rels
[DEBUG] 2024-06-11 12:05:30.042 [main] PackageRelationshipCollection - Parsing relationship: /_rels/.rels
[DEBUG] 2024-06-11 12:05:31.084 [main] PackageRelationshipCollection - Parsing relationship: /xl/_rels/workbook.xml.rels
[DEBUG] 2024-06-11 12:05:31.093 [main] PackageRelationshipCollection - Parsing relationship: /_rels/.rels
[DEBUG] 2024-06-11 12:05:31.177 [main] PackageRelationshipCollection - Parsing relationship: /xl/_rels/workbook.xml.rels
[DEBUG] 2024-06-11 12:05:31.180 [main] PackageRelationshipCollection - Parsing relationship: /_rels/.rels
[DEBUG] 2024-06-11 12:05:31.342 [main] PackageRelationshipCollection - Parsing relationship: /xl/_rels/workbook.xml.rels
[DEBUG] 2024-06-11 12:05:31.360 [main] PackageRelationshipCollection - Parsing relationship: /_rels/.rels
[DEBUG] 2024-06-11 12:05:31.448 [main] PackageRelationshipCollection - Parsing relationship: /xl/_rels/workbook.xml.rels
[DEBUG] 2024-06-11 12:05:31.450 [main] PackageRelationshipCollection - Parsing relationship: /_rels/.rels
[DEBUG] 2024-06-11 12:05:31.511 [main] PackageRelationshipCollection - Parsing relationship: /xl/_rels/workbook.xml.rels
[DEBUG] 2024-06-11 12:05:31.524 [main] PackageRelationshipCollection - Parsing relationship: /_rels/.rels
[INFO ] 2024-06-11 12:05:32.282 [main] BaseClass - driver is quit
[DEBUG] 2024-06-11 12:08:20.702 [main] PackageRelationshipCollection - Parsing relationship: /xl/_rels/workbook.xml.rels
[DEBUG] 2024-06-11 12:08:20.712 [main] PackageRelationshipCollection - Parsing relationship: /_rels/.rels
[DEBUG] 2024-06-11 12:08:21.919 [main] PackageRelationshipCollection - Parsing relationship: /xl/_rels/workbook.xml.rels
[DEBUG] 2024-06-11 12:08:21.921 [main] PackageRelationshipCollection - Parsing relationship: /_rels/.rels
[DEBUG] 2024-06-11 12:08:22.110 [main] PackageRelationshipCollection - Parsing relationship: /xl/_rels/workbook.xml.rels
[DEBUG] 2024-06-11 12:08:22.117 [main] PackageRelationshipCollection - Parsing relationship: /_rels/.rels
[DEBUG] 2024-06-11 12:08:22.241 [main] PackageRelationshipCollection - Parsing relationship: /xl/_rels/workbook.xml.rels
[DEBUG] 2024-06-11 12:08:22.243 [main] PackageRelationshipCollection - Parsing relationship: /_rels/.rels
[DEBUG] 2024-06-11 12:08:22.334 [main] PackageRelationshipCollection - Parsing relationship: /xl/_rels/workbook.xml.rels
[DEBUG] 2024-06-11 12:08:22.337 [main] PackageRelationshipCollection - Parsing relationship: /_rels/.rels
[DEBUG] 2024-06-11 12:08:22.407 [main] PackageRelationshipCollection - Parsing relationship: /xl/_rels/workbook.xml.rels
[DEBUG] 2024-06-11 12:08:22.409 [main] PackageRelationshipCollection - Parsing relationship: /_rels/.rels
[INFO ] 2024-06-11 12:08:23.166 [main] BaseClass - driver is quit
[DEBUG] 2024-06-11 12:14:57.797 [main] PackageRelationshipCollection - Parsing relationship: /xl/_rels/workbook.xml.rels
[DEBUG] 2024-06-11 12:14:57.835 [main] PackageRelationshipCollection - Parsing relationship: /_rels/.rels
[DEBUG] 2024-06-11 12:14:59.107 [main] PackageRelationshipCollection - Parsing relationship: /xl/_rels/workbook.xml.rels
[DEBUG] 2024-06-11 12:14:59.109 [main] PackageRelationshipCollection - Parsing relationship: /_rels/.rels
[DEBUG] 2024-06-11 12:14:59.189 [main] PackageRelationshipCollection - Parsing relationship: /xl/_rels/workbook.xml.rels
[DEBUG] 2024-06-11 12:14:59.191 [main] PackageRelationshipCollection - Parsing relationship: /_rels/.rels
[DEBUG] 2024-06-11 12:14:59.254 [main] PackageRelationshipCollection - Parsing relationship: /xl/_rels/workbook.xml.rels
[DEBUG] 2024-06-11 12:14:59.256 [main] PackageRelationshipCollection - Parsing relationship: /_rels/.rels
[DEBUG] 2024-06-11 12:14:59.333 [main] PackageRelationshipCollection - Parsing relationship: /xl/_rels/workbook.xml.rels
[DEBUG] 2024-06-11 12:14:59.335 [main] PackageRelationshipCollection - Parsing relationship: /_rels/.rels
[DEBUG] 2024-06-11 12:14:59.424 [main] PackageRelationshipCollection - Parsing relationship: /xl/_rels/workbook.xml.rels
[DEBUG] 2024-06-11 12:14:59.426 [main] PackageRelationshipCollection - Parsing relationship: /_rels/.rels
[INFO ] 2024-06-11 12:15:00.312 [main] BaseClass - driver is quit
[DEBUG] 2024-06-11 12:22:21.704 [main] PackageRelationshipCollection - Parsing relationship: /xl/_rels/workbook.xml.rels
[DEBUG] 2024-06-11 12:22:21.718 [main] PackageRelationshipCollection - Parsing relationship: /_rels/.rels
[DEBUG] 2024-06-11 12:22:22.859 [main] PackageRelationshipCollection - Parsing relationship: /xl/_rels/workbook.xml.rels
[DEBUG] 2024-06-11 12:22:22.862 [main] PackageRelationshipCollection - Parsing relationship: /_rels/.rels
[DEBUG] 2024-06-11 12:22:22.953 [main] PackageRelationshipCollection - Parsing relationship: /xl/_rels/workbook.xml.rels
[DEBUG] 2024-06-11 12:22:22.955 [main] PackageRelationshipCollection - Parsing relationship: /_rels/.rels
[DEBUG] 2024-06-11 12:22:23.022 [main] PackageRelationshipCollection - Parsing relationship: /xl/_rels/workbook.xml.rels
[DEBUG] 2024-06-11 12:22:23.025 [main] PackageRelationshipCollection - Parsing relationship: /_rels/.rels
[DEBUG] 2024-06-11 12:22:23.082 [main] PackageRelationshipCollection - Parsing relationship: /xl/_rels/workbook.xml.rels
[DEBUG] 2024-06-11 12:22:23.084 [main] PackageRelationshipCollection - Parsing relationship: /_rels/.rels
[DEBUG] 2024-06-11 12:22:23.171 [main] PackageRelationshipCollection - Parsing relationship: /xl/_rels/workbook.xml.rels
[DEBUG] 2024-06-11 12:22:23.175 [main] PackageRelationshipCollection - Parsing relationship: /_rels/.rels
[INFO ] 2024-06-11 12:22:24.372 [main] BaseClass - driver is quit
[DEBUG] 2024-06-11 12:23:25.342 [main] PackageRelationshipCollection - Parsing relationship: /xl/_rels/workbook.xml.rels
[DEBUG] 2024-06-11 12:23:25.349 [main] PackageRelationshipCollection - Parsing relationship: /_rels/.rels
[DEBUG] 2024-06-11 12:23:26.675 [main] PackageRelationshipCollection - Parsing relationship: /xl/_rels/workbook.xml.rels
[DEBUG] 2024-06-11 12:23:26.694 [main] PackageRelationshipCollection - Parsing relationship: /_rels/.rels
[DEBUG] 2024-06-11 12:23:26.802 [main] PackageRelationshipCollection - Parsing relationship: /xl/_rels/workbook.xml.rels
[DEBUG] 2024-06-11 12:23:26.804 [main] PackageRelationshipCollection - Parsing relationship: /_rels/.rels
[DEBUG] 2024-06-11 12:23:26.886 [main] PackageRelationshipCollection - Parsing relationship: /xl/_rels/workbook.xml.rels
[DEBUG] 2024-06-11 12:23:26.888 [main] PackageRelationshipCollection - Parsing relationship: /_rels/.rels
[DEBUG] 2024-06-11 12:23:26.958 [main] PackageRelationshipCollection - Parsing relationship: /xl/_rels/workbook.xml.rels
[DEBUG] 2024-06-11 12:23:26.960 [main] PackageRelationshipCollection - Parsing relationship: /_rels/.rels
[DEBUG] 2024-06-11 12:23:27.075 [main] PackageRelationshipCollection - Parsing relationship: /xl/_rels/workbook.xml.rels
[DEBUG] 2024-06-11 12:23:27.081 [main] PackageRelationshipCollection - Parsing relationship: /_rels/.rels
[INFO ] 2024-06-11 12:23:27.936 [main] BaseClass - driver is quit
[DEBUG] 2024-06-11 12:25:22.692 [main] PackageRelationshipCollection - Parsing relationship: /xl/_rels/workbook.xml.rels
[DEBUG] 2024-06-11 12:25:22.714 [main] PackageRelationshipCollection - Parsing relationship: /_rels/.rels
[DEBUG] 2024-06-11 12:25:23.896 [main] PackageRelationshipCollection - Parsing relationship: /xl/_rels/workbook.xml.rels
[DEBUG] 2024-06-11 12:25:23.905 [main] PackageRelationshipCollection - Parsing relationship: /_rels/.rels
[DEBUG] 2024-06-11 12:25:23.970 [main] PackageRelationshipCollection - Parsing relationship: /xl/_rels/workbook.xml.rels
[DEBUG] 2024-06-11 12:25:23.973 [main] PackageRelationshipCollection - Parsing relationship: /_rels/.rels
[DEBUG] 2024-06-11 12:25:24.049 [main] PackageRelationshipCollection - Parsing relationship: /xl/_rels/workbook.xml.rels
[DEBUG] 2024-06-11 12:25:24.051 [main] PackageRelationshipCollection - Parsing relationship: /_rels/.rels
[DEBUG] 2024-06-11 12:25:24.102 [main] PackageRelationshipCollection - Parsing relationship: /xl/_rels/workbook.xml.rels
[DEBUG] 2024-06-11 12:25:24.105 [main] PackageRelationshipCollection - Parsing relationship: /_rels/.rels
[DEBUG] 2024-06-11 12:25:24.150 [main] PackageRelationshipCollection - Parsing relationship: /xl/_rels/workbook.xml.rels
[DEBUG] 2024-06-11 12:25:24.151 [main] PackageRelationshipCollection - Parsing relationship: /_rels/.rels
[INFO ] 2024-06-11 12:25:26.554 [main] BaseClass - driver is quit
[DEBUG] 2024-06-11 12:26:47.534 [main] PackageRelationshipCollection - Parsing relationship: /xl/_rels/workbook.xml.rels
[DEBUG] 2024-06-11 12:26:47.544 [main] PackageRelationshipCollection - Parsing relationship: /_rels/.rels
[DEBUG] 2024-06-11 12:26:48.745 [main] PackageRelationshipCollection - Parsing relationship: /xl/_rels/workbook.xml.rels
[DEBUG] 2024-06-11 12:26:48.750 [main] PackageRelationshipCollection - Parsing relationship: /_rels/.rels
[DEBUG] 2024-06-11 12:26:48.813 [main] PackageRelationshipCollection - Parsing relationship: /xl/_rels/workbook.xml.rels
[DEBUG] 2024-06-11 12:26:48.816 [main] PackageRelationshipCollection - Parsing relationship: /_rels/.rels
[DEBUG] 2024-06-11 12:26:48.900 [main] PackageRelationshipCollection - Parsing relationship: /xl/_rels/workbook.xml.rels
[DEBUG] 2024-06-11 12:26:48.902 [main] PackageRelationshipCollection - Parsing relationship: /_rels/.rels
[DEBUG] 2024-06-11 12:26:48.954 [main] PackageRelationshipCollection - Parsing relationship: /xl/_rels/workbook.xml.rels
[DEBUG] 2024-06-11 12:26:48.956 [main] PackageRelationshipCollection - Parsing relationship: /_rels/.rels
[DEBUG] 2024-06-11 12:26:49.007 [main] PackageRelationshipCollection - Parsing relationship: /xl/_rels/workbook.xml.rels
[DEBUG] 2024-06-11 12:26:49.009 [main] PackageRelationshipCollection - Parsing relationship: /_rels/.rels
[INFO ] 2024-06-11 12:26:51.711 [main] BaseClass - driver is quit
[DEBUG] 2024-06-11 12:28:34.739 [main] PackageRelationshipCollection - Parsing relationship: /xl/_rels/workbook.xml.rels
[DEBUG] 2024-06-11 12:28:34.749 [main] PackageRelationshipCollection - Parsing relationship: /_rels/.rels
[DEBUG] 2024-06-11 12:28:36.089 [main] PackageRelationshipCollection - Parsing relationship: /xl/_rels/workbook.xml.rels
[DEBUG] 2024-06-11 12:28:36.091 [main] PackageRelationshipCollection - Parsing relationship: /_rels/.rels
[DEBUG] 2024-06-11 12:28:36.157 [main] PackageRelationshipCollection - Parsing relationship: /xl/_rels/workbook.xml.rels
[DEBUG] 2024-06-11 12:28:36.159 [main] PackageRelationshipCollection - Parsing relationship: /_rels/.rels
[DEBUG] 2024-06-11 12:28:36.225 [main] PackageRelationshipCollection - Parsing relationship: /xl/_rels/workbook.xml.rels
[DEBUG] 2024-06-11 12:28:36.228 [main] PackageRelationshipCollection - Parsing relationship: /_rels/.rels
[DEBUG] 2024-06-11 12:28:36.272 [main] PackageRelationshipCollection - Parsing relationship: /xl/_rels/workbook.xml.rels
[DEBUG] 2024-06-11 12:28:36.274 [main] PackageRelationshipCollection - Parsing relationship: /_rels/.rels
[DEBUG] 2024-06-11 12:28:36.315 [main] PackageRelationshipCollection - Parsing relationship: /xl/_rels/workbook.xml.rels
[DEBUG] 2024-06-11 12:28:36.317 [main] PackageRelationshipCollection - Parsing relationship: /_rels/.rels
[INFO ] 2024-06-11 12:28:38.311 [main] BaseClass - driver is quit
[DEBUG] 2024-06-11 17:27:16.847 [main] PackageRelationshipCollection - Parsing relationship: /xl/_rels/workbook.xml.rels
[DEBUG] 2024-06-11 17:27:16.879 [main] PackageRelationshipCollection - Parsing relationship: /_rels/.rels
[DEBUG] 2024-06-11 17:27:18.379 [main] PackageRelationshipCollection - Parsing relationship: /xl/_rels/workbook.xml.rels
[DEBUG] 2024-06-11 17:27:18.382 [main] PackageRelationshipCollection - Parsing relationship: /_rels/.rels
[DEBUG] 2024-06-11 17:27:18.642 [main] PackageRelationshipCollection - Parsing relationship: /xl/_rels/workbook.xml.rels
[DEBUG] 2024-06-11 17:27:18.667 [main] PackageRelationshipCollection - Parsing relationship: /_rels/.rels
[DEBUG] 2024-06-11 17:27:19.333 [main] PackageRelationshipCollection - Parsing relationship: /xl/_rels/workbook.xml.rels
[DEBUG] 2024-06-11 17:27:19.337 [main] PackageRelationshipCollection - Parsing relationship: /_rels/.rels
[DEBUG] 2024-06-11 17:27:19.430 [main] PackageRelationshipCollection - Parsing relationship: /xl/_rels/workbook.xml.rels
[DEBUG] 2024-06-11 17:27:19.432 [main] PackageRelationshipCollection - Parsing relationship: /_rels/.rels
[DEBUG] 2024-06-11 17:27:19.560 [main] PackageRelationshipCollection - Parsing relationship: /xl/_rels/workbook.xml.rels
[DEBUG] 2024-06-11 17:27:19.562 [main] PackageRelationshipCollection - Parsing relationship: /_rels/.rels
[INFO ] 2024-06-11 17:27:23.617 [main] BaseClass - driver is quit
[DEBUG] 2024-06-11 17:42:31.777 [main] PackageRelationshipCollection - Parsing relationship: /xl/_rels/workbook.xml.rels
[DEBUG] 2024-06-11 17:42:31.793 [main] PackageRelationshipCollection - Parsing relationship: /_rels/.rels
[DEBUG] 2024-06-11 17:42:33.051 [main] PackageRelationshipCollection - Parsing relationship: /xl/_rels/workbook.xml.rels
[DEBUG] 2024-06-11 17:42:33.056 [main] PackageRelationshipCollection - Parsing relationship: /_rels/.rels
[DEBUG] 2024-06-11 17:42:33.256 [main] PackageRelationshipCollection - Parsing relationship: /xl/_rels/workbook.xml.rels
[DEBUG] 2024-06-11 17:42:33.264 [main] PackageRelationshipCollection - Parsing relationship: /_rels/.rels
[DEBUG] 2024-06-11 17:42:33.440 [main] PackageRelationshipCollection - Parsing relationship: /xl/_rels/workbook.xml.rels
[DEBUG] 2024-06-11 17:42:33.447 [main] PackageRelationshipCollection - Parsing relationship: /_rels/.rels
[DEBUG] 2024-06-11 17:42:33.645 [main] PackageRelationshipCollection - Parsing relationship: /xl/_rels/workbook.xml.rels
[DEBUG] 2024-06-11 17:42:33.654 [main] PackageRelationshipCollection - Parsing relationship: /_rels/.rels
[DEBUG] 2024-06-11 17:42:33.774 [main] PackageRelationshipCollection - Parsing relationship: /xl/_rels/workbook.xml.rels
[DEBUG] 2024-06-11 17:42:33.776 [main] PackageRelationshipCollection - Parsing relationship: /_rels/.rels
[INFO ] 2024-06-11 17:42:37.572 [main] BaseClass - driver is quit
[DEBUG] 2024-06-11 17:44:46.882 [main] PackageRelationshipCollection - Parsing relationship: /xl/_rels/workbook.xml.rels
[DEBUG] 2024-06-11 17:44:46.920 [main] PackageRelationshipCollection - Parsing relationship: /_rels/.rels
[DEBUG] 2024-06-11 17:44:48.551 [main] PackageRelationshipCollection - Parsing relationship: /xl/_rels/workbook.xml.rels
[DEBUG] 2024-06-11 17:44:48.554 [main] PackageRelationshipCollection - Parsing relationship: /_rels/.rels
[DEBUG] 2024-06-11 17:44:48.619 [main] PackageRelationshipCollection - Parsing relationship: /xl/_rels/workbook.xml.rels
[DEBUG] 2024-06-11 17:44:48.622 [main] PackageRelationshipCollection - Parsing relationship: /_rels/.rels
[DEBUG] 2024-06-11 17:44:48.704 [main] PackageRelationshipCollection - Parsing relationship: /xl/_rels/workbook.xml.rels
[DEBUG] 2024-06-11 17:44:48.706 [main] PackageRelationshipCollection - Parsing relationship: /_rels/.rels
[DEBUG] 2024-06-11 17:44:48.768 [main] PackageRelationshipCollection - Parsing relationship: /xl/_rels/workbook.xml.rels
[DEBUG] 2024-06-11 17:44:48.770 [main] PackageRelationshipCollection - Parsing relationship: /_rels/.rels
[DEBUG] 2024-06-11 17:44:48.821 [main] PackageRelationshipCollection - Parsing relationship: /xl/_rels/workbook.xml.rels
[DEBUG] 2024-06-11 17:44:48.824 [main] PackageRelationshipCollection - Parsing relationship: /_rels/.rels
[INFO ] 2024-06-11 17:44:51.690 [main] BaseClass - driver is quit
[DEBUG] 2024-06-11 17:50:00.858 [main] PackageRelationshipCollection - Parsing relationship: /xl/_rels/workbook.xml.rels
[DEBUG] 2024-06-11 17:50:00.878 [main] PackageRelationshipCollection - Parsing relationship: /_rels/.rels
[DEBUG] 2024-06-11 17:50:02.630 [main] PackageRelationshipCollection - Parsing relationship: /xl/_rels/workbook.xml.rels
[DEBUG] 2024-06-11 17:50:02.634 [main] PackageRelationshipCollection - Parsing relationship: /_rels/.rels
[DEBUG] 2024-06-11 17:50:02.930 [main] PackageRelationshipCollection - Parsing relationship: /xl/_rels/workbook.xml.rels
[DEBUG] 2024-06-11 17:50:02.933 [main] PackageRelationshipCollection - Parsing relationship: /_rels/.rels
[DEBUG] 2024-06-11 17:50:03.245 [main] PackageRelationshipCollection - Parsing relationship: /xl/_rels/workbook.xml.rels
[DEBUG] 2024-06-11 17:50:03.247 [main] PackageRelationshipCollection - Parsing relationship: /_rels/.rels
[DEBUG] 2024-06-11 17:50:03.317 [main] PackageRelationshipCollection - Parsing relationship: /xl/_rels/workbook.xml.rels
[DEBUG] 2024-06-11 17:50:03.324 [main] PackageRelationshipCollection - Parsing relationship: /_rels/.rels
[DEBUG] 2024-06-11 17:50:03.512 [main] PackageRelationshipCollection - Parsing relationship: /xl/_rels/workbook.xml.rels
[DEBUG] 2024-06-11 17:50:03.515 [main] PackageRelationshipCollection - Parsing relationship: /_rels/.rels
[INFO ] 2024-06-11 17:50:07.429 [main] BaseClass - driver is quit
[DEBUG] 2024-06-11 17:55:18.001 [main] PackageRelationshipCollection - Parsing relationship: /xl/_rels/workbook.xml.rels
[DEBUG] 2024-06-11 17:55:18.031 [main] PackageRelationshipCollection - Parsing relationship: /_rels/.rels
[DEBUG] 2024-06-11 17:55:20.184 [main] PackageRelationshipCollection - Parsing relationship: /xl/_rels/workbook.xml.rels
[DEBUG] 2024-06-11 17:55:20.191 [main] PackageRelationshipCollection - Parsing relationship: /_rels/.rels
[DEBUG] 2024-06-11 17:55:20.332 [main] PackageRelationshipCollection - Parsing relationship: /xl/_rels/workbook.xml.rels
[DEBUG] 2024-06-11 17:55:20.342 [main] PackageRelationshipCollection - Parsing relationship: /_rels/.rels
[DEBUG] 2024-06-11 17:55:20.475 [main] PackageRelationshipCollection - Parsing relationship: /xl/_rels/workbook.xml.rels
[DEBUG] 2024-06-11 17:55:20.478 [main] PackageRelationshipCollection - Parsing relationship: /_rels/.rels
[DEBUG] 2024-06-11 17:55:20.583 [main] PackageRelationshipCollection - Parsing relationship: /xl/_rels/workbook.xml.rels
[DEBUG] 2024-06-11 17:55:20.589 [main] PackageRelationshipCollection - Parsing relationship: /_rels/.rels
[DEBUG] 2024-06-11 17:55:20.675 [main] PackageRelationshipCollection - Parsing relationship: /xl/_rels/workbook.xml.rels
[DEBUG] 2024-06-11 17:55:20.677 [main] PackageRelationshipCollection - Parsing relationship: /_rels/.rels
[INFO ] 2024-06-11 17:55:24.490 [main] BaseClass - driver is quit
[DEBUG] 2024-06-11 18:21:49.188 [main] PackageRelationshipCollection - Parsing relationship: /xl/_rels/workbook.xml.rels
[DEBUG] 2024-06-11 18:21:49.224 [main] PackageRelationshipCollection - Parsing relationship: /_rels/.rels
[DEBUG] 2024-06-11 18:21:50.860 [main] PackageRelationshipCollection - Parsing relationship: /xl/_rels/workbook.xml.rels
[DEBUG] 2024-06-11 18:21:50.903 [main] PackageRelationshipCollection - Parsing relationship: /_rels/.rels
[DEBUG] 2024-06-11 18:21:51.072 [main] PackageRelationshipCollection - Parsing relationship: /xl/_rels/workbook.xml.rels
[DEBUG] 2024-06-11 18:21:51.076 [main] PackageRelationshipCollection - Parsing relationship: /_rels/.rels
[DEBUG] 2024-06-11 18:21:51.256 [main] PackageRelationshipCollection - Parsing relationship: /xl/_rels/workbook.xml.rels
[DEBUG] 2024-06-11 18:21:51.258 [main] PackageRelationshipCollection - Parsing relationship: /_rels/.rels
[DEBUG] 2024-06-11 18:21:51.334 [main] PackageRelationshipCollection - Parsing relationship: /xl/_rels/workbook.xml.rels
[DEBUG] 2024-06-11 18:21:51.337 [main] PackageRelationshipCollection - Parsing relationship: /_rels/.rels
[DEBUG] 2024-06-11 18:21:51.410 [main] PackageRelationshipCollection - Parsing relationship: /xl/_rels/workbook.xml.rels
[DEBUG] 2024-06-11 18:21:51.416 [main] PackageRelationshipCollection - Parsing relationship: /_rels/.rels
[INFO ] 2024-06-11 18:21:56.386 [main] BaseClass - driver is quit
[DEBUG] 2024-06-11 18:23:39.413 [main] PackageRelationshipCollection - Parsing relationship: /xl/_rels/workbook.xml.rels
[DEBUG] 2024-06-11 18:23:39.439 [main] PackageRelationshipCollection - Parsing relationship: /_rels/.rels
[DEBUG] 2024-06-11 18:23:41.173 [main] PackageRelationshipCollection - Parsing relationship: /xl/_rels/workbook.xml.rels
[DEBUG] 2024-06-11 18:23:41.176 [main] PackageRelationshipCollection - Parsing relationship: /_rels/.rels
[DEBUG] 2024-06-11 18:23:41.248 [main] PackageRelationshipCollection - Parsing relationship: /xl/_rels/workbook.xml.rels
[DEBUG] 2024-06-11 18:23:41.250 [main] PackageRelationshipCollection - Parsing relationship: /_rels/.rels
[DEBUG] 2024-06-11 18:23:41.480 [main] PackageRelationshipCollection - Parsing relationship: /xl/_rels/workbook.xml.rels
[DEBUG] 2024-06-11 18:23:41.493 [main] PackageRelationshipCollection - Parsing relationship: /_rels/.rels
[DEBUG] 2024-06-11 18:23:41.717 [main] PackageRelationshipCollection - Parsing relationship: /xl/_rels/workbook.xml.rels
[DEBUG] 2024-06-11 18:23:41.722 [main] PackageRelationshipCollection - Parsing relationship: /_rels/.rels
[DEBUG] 2024-06-11 18:23:41.862 [main] PackageRelationshipCollection - Parsing relationship: /xl/_rels/workbook.xml.rels
[DEBUG] 2024-06-11 18:23:41.865 [main] PackageRelationshipCollection - Parsing relationship: /_rels/.rels
[INFO ] 2024-06-11 18:23:44.405 [main] BaseClass - driver is quit
[DEBUG] 2024-06-11 18:26:08.405 [main] PackageRelationshipCollection - Parsing relationship: /xl/_rels/workbook.xml.rels
[DEBUG] 2024-06-11 18:26:08.440 [main] PackageRelationshipCollection - Parsing relationship: /_rels/.rels
[DEBUG] 2024-06-11 18:26:10.256 [main] PackageRelationshipCollection - Parsing relationship: /xl/_rels/workbook.xml.rels
[DEBUG] 2024-06-11 18:26:10.259 [main] PackageRelationshipCollection - Parsing relationship: /_rels/.rels
[DEBUG] 2024-06-11 18:26:10.361 [main] PackageRelationshipCollection - Parsing relationship: /xl/_rels/workbook.xml.rels
[DEBUG] 2024-06-11 18:26:10.365 [main] PackageRelationshipCollection - Parsing relationship: /_rels/.rels
[DEBUG] 2024-06-11 18:26:10.462 [main] PackageRelationshipCollection - Parsing relationship: /xl/_rels/workbook.xml.rels
[DEBUG] 2024-06-11 18:26:10.470 [main] PackageRelationshipCollection - Parsing relationship: /_rels/.rels
[DEBUG] 2024-06-11 18:26:10.541 [main] PackageRelationshipCollection - Parsing relationship: /xl/_rels/workbook.xml.rels
[DEBUG] 2024-06-11 18:26:10.543 [main] PackageRelationshipCollection - Parsing relationship: /_rels/.rels
[DEBUG] 2024-06-11 18:26:10.644 [main] PackageRelationshipCollection - Parsing relationship: /xl/_rels/workbook.xml.rels
[DEBUG] 2024-06-11 18:26:10.646 [main] PackageRelationshipCollection - Parsing relationship: /_rels/.rels
[INFO ] 2024-06-11 18:26:14.030 [main] BaseClass - driver is quit
[DEBUG] 2024-06-11 18:28:58.617 [main] PackageRelationshipCollection - Parsing relationship: /xl/_rels/workbook.xml.rels
[DEBUG] 2024-06-11 18:28:58.630 [main] PackageRelationshipCollection - Parsing relationship: /_rels/.rels
[DEBUG] 2024-06-11 18:28:59.898 [main] PackageRelationshipCollection - Parsing relationship: /xl/_rels/workbook.xml.rels
[DEBUG] 2024-06-11 18:28:59.901 [main] PackageRelationshipCollection - Parsing relationship: /_rels/.rels
[DEBUG] 2024-06-11 18:28:59.968 [main] PackageRelationshipCollection - Parsing relationship: /xl/_rels/workbook.xml.rels
[DEBUG] 2024-06-11 18:28:59.970 [main] PackageRelationshipCollection - Parsing relationship: /_rels/.rels
[DEBUG] 2024-06-11 18:29:00.099 [main] PackageRelationshipCollection - Parsing relationship: /xl/_rels/workbook.xml.rels
[DEBUG] 2024-06-11 18:29:00.102 [main] PackageRelationshipCollection - Parsing relationship: /_rels/.rels
[DEBUG] 2024-06-11 18:29:00.175 [main] PackageRelationshipCollection - Parsing relationship: /xl/_rels/workbook.xml.rels
[DEBUG] 2024-06-11 18:29:00.178 [main] PackageRelationshipCollection - Parsing relationship: /_rels/.rels
[DEBUG] 2024-06-11 18:29:00.258 [main] PackageRelationshipCollection - Parsing relationship: /xl/_rels/workbook.xml.rels
[DEBUG] 2024-06-11 18:29:00.262 [main] PackageRelationshipCollection - Parsing relationship: /_rels/.rels
[INFO ] 2024-06-11 18:29:02.105 [main] BaseClass - driver is quit
[DEBUG] 2024-06-11 19:05:15.827 [main] PackageRelationshipCollection - Parsing relationship: /xl/_rels/workbook.xml.rels
[DEBUG] 2024-06-11 19:05:15.870 [main] PackageRelationshipCollection - Parsing relationship: /_rels/.rels
[DEBUG] 2024-06-11 19:05:18.887 [main] PackageRelationshipCollection - Parsing relationship: /xl/_rels/workbook.xml.rels
[DEBUG] 2024-06-11 19:05:18.894 [main] PackageRelationshipCollection - Parsing relationship: /_rels/.rels
[DEBUG] 2024-06-11 19:05:19.073 [main] PackageRelationshipCollection - Parsing relationship: /xl/_rels/workbook.xml.rels
[DEBUG] 2024-06-11 19:05:19.076 [main] PackageRelationshipCollection - Parsing relationship: /_rels/.rels
[DEBUG] 2024-06-11 19:05:19.173 [main] PackageRelationshipCollection - Parsing relationship: /xl/_rels/workbook.xml.rels
[DEBUG] 2024-06-11 19:05:19.176 [main] PackageRelationshipCollection - Parsing relationship: /_rels/.rels
[DEBUG] 2024-06-11 19:05:19.227 [main] PackageRelationshipCollection - Parsing relationship: /xl/_rels/workbook.xml.rels
[DEBUG] 2024-06-11 19:05:19.229 [main] PackageRelationshipCollection - Parsing relationship: /_rels/.rels
[DEBUG] 2024-06-11 19:05:19.274 [main] PackageRelationshipCollection - Parsing relationship: /xl/_rels/workbook.xml.rels
[DEBUG] 2024-06-11 19:05:19.276 [main] PackageRelationshipCollection - Parsing relationship: /_rels/.rels
[INFO ] 2024-06-11 19:05:22.170 [main] BaseClass - driver is quit
[DEBUG] 2024-06-11 19:07:05.388 [main] PackageRelationshipCollection - Parsing relationship: /xl/_rels/workbook.xml.rels
[DEBUG] 2024-06-11 19:07:05.435 [main] PackageRelationshipCollection - Parsing relationship: /_rels/.rels
[DEBUG] 2024-06-11 19:07:06.954 [main] PackageRelationshipCollection - Parsing relationship: /xl/_rels/workbook.xml.rels
[DEBUG] 2024-06-11 19:07:06.960 [main] PackageRelationshipCollection - Parsing relationship: /_rels/.rels
[DEBUG] 2024-06-11 19:07:07.100 [main] PackageRelationshipCollection - Parsing relationship: /xl/_rels/workbook.xml.rels
[DEBUG] 2024-06-11 19:07:07.120 [main] PackageRelationshipCollection - Parsing relationship: /_rels/.rels
[DEBUG] 2024-06-11 19:07:07.377 [main] PackageRelationshipCollection - Parsing relationship: /xl/_rels/workbook.xml.rels
[DEBUG] 2024-06-11 19:07:07.384 [main] PackageRelationshipCollection - Parsing relationship: /_rels/.rels
[DEBUG] 2024-06-11 19:07:07.563 [main] PackageRelationshipCollection - Parsing relationship: /xl/_rels/workbook.xml.rels
[DEBUG] 2024-06-11 19:07:07.566 [main] PackageRelationshipCollection - Parsing relationship: /_rels/.rels
[DEBUG] 2024-06-11 19:07:07.683 [main] PackageRelationshipCollection - Parsing relationship: /xl/_rels/workbook.xml.rels
[DEBUG] 2024-06-11 19:07:07.691 [main] PackageRelationshipCollection - Parsing relationship: /_rels/.rels
[INFO ] 2024-06-11 19:07:11.264 [main] BaseClass - driver is quit
[DEBUG] 2024-06-11 19:08:46.186 [main] PackageRelationshipCollection - Parsing relationship: /xl/_rels/workbook.xml.rels
[DEBUG] 2024-06-11 19:08:46.203 [main] PackageRelationshipCollection - Parsing relationship: /_rels/.rels
[DEBUG] 2024-06-11 19:08:47.584 [main] PackageRelationshipCollection - Parsing relationship: /xl/_rels/workbook.xml.rels
[DEBUG] 2024-06-11 19:08:47.594 [main] PackageRelationshipCollection - Parsing relationship: /_rels/.rels
[DEBUG] 2024-06-11 19:08:47.698 [main] PackageRelationshipCollection - Parsing relationship: /xl/_rels/workbook.xml.rels
[DEBUG] 2024-06-11 19:08:47.701 [main] PackageRelationshipCollection - Parsing relationship: /_rels/.rels
[DEBUG] 2024-06-11 19:08:47.790 [main] PackageRelationshipCollection - Parsing relationship: /xl/_rels/workbook.xml.rels
[DEBUG] 2024-06-11 19:08:47.792 [main] PackageRelationshipCollection - Parsing relationship: /_rels/.rels
[DEBUG] 2024-06-11 19:08:47.860 [main] PackageRelationshipCollection - Parsing relationship: /xl/_rels/workbook.xml.rels
[DEBUG] 2024-06-11 19:08:47.862 [main] PackageRelationshipCollection - Parsing relationship: /_rels/.rels
[DEBUG] 2024-06-11 19:08:47.962 [main] PackageRelationshipCollection - Parsing relationship: /xl/_rels/workbook.xml.rels
[DEBUG] 2024-06-11 19:08:47.976 [main] PackageRelationshipCollection - Parsing relationship: /_rels/.rels
[INFO ] 2024-06-11 19:08:51.527 [main] BaseClass - driver is quit
[INFO ] 2024-06-11 19:10:56.716 [main] BaseClass - driver is quit
[INFO ] 2024-06-11 19:17:20.195 [main] BaseClass - driver is quit
[INFO ] 2024-06-11 19:22:46.650 [main] BaseClass - driver is quit
[DEBUG] 2024-06-11 19:26:30.979 [main] PackageRelationshipCollection - Parsing relationship: /xl/_rels/workbook.xml.rels
[DEBUG] 2024-06-11 19:26:31.004 [main] PackageRelationshipCollection - Parsing relationship: /_rels/.rels
[DEBUG] 2024-06-11 19:26:32.548 [main] PackageRelationshipCollection - Parsing relationship: /xl/_rels/workbook.xml.rels
[DEBUG] 2024-06-11 19:26:32.551 [main] PackageRelationshipCollection - Parsing relationship: /_rels/.rels
[DEBUG] 2024-06-11 19:26:32.680 [main] PackageRelationshipCollection - Parsing relationship: /xl/_rels/workbook.xml.rels
[DEBUG] 2024-06-11 19:26:32.687 [main] PackageRelationshipCollection - Parsing relationship: /_rels/.rels
[DEBUG] 2024-06-11 19:26:32.797 [main] PackageRelationshipCollection - Parsing relationship: /xl/_rels/workbook.xml.rels
[DEBUG] 2024-06-11 19:26:32.804 [main] PackageRelationshipCollection - Parsing relationship: /_rels/.rels
[DEBUG] 2024-06-11 19:26:32.953 [main] PackageRelationshipCollection - Parsing relationship: /xl/_rels/workbook.xml.rels
[DEBUG] 2024-06-11 19:26:32.957 [main] PackageRelationshipCollection - Parsing relationship: /_rels/.rels
[DEBUG] 2024-06-11 19:26:33.085 [main] PackageRelationshipCollection - Parsing relationship: /xl/_rels/workbook.xml.rels
[DEBUG] 2024-06-11 19:26:33.095 [main] PackageRelationshipCollection - Parsing relationship: /_rels/.rels
[INFO ] 2024-06-11 19:26:54.434 [main] BaseClass - driver is quit
[DEBUG] 2024-06-11 19:28:41.084 [main] PackageRelationshipCollection - Parsing relationship: /xl/_rels/workbook.xml.rels
[DEBUG] 2024-06-11 19:28:41.095 [main] PackageRelationshipCollection - Parsing relationship: /_rels/.rels
[DEBUG] 2024-06-11 19:28:42.381 [main] PackageRelationshipCollection - Parsing relationship: /xl/_rels/workbook.xml.rels
[DEBUG] 2024-06-11 19:28:42.384 [main] PackageRelationshipCollection - Parsing relationship: /_rels/.rels
[DEBUG] 2024-06-11 19:28:42.459 [main] PackageRelationshipCollection - Parsing relationship: /xl/_rels/workbook.xml.rels
[DEBUG] 2024-06-11 19:28:42.462 [main] PackageRelationshipCollection - Parsing relationship: /_rels/.rels
[DEBUG] 2024-06-11 19:28:42.557 [main] PackageRelationshipCollection - Parsing relationship: /xl/_rels/workbook.xml.rels
[DEBUG] 2024-06-11 19:28:42.559 [main] PackageRelationshipCollection - Parsing relationship: /_rels/.rels
[DEBUG] 2024-06-11 19:28:42.614 [main] PackageRelationshipCollection - Parsing relationship: /xl/_rels/workbook.xml.rels
[DEBUG] 2024-06-11 19:28:42.617 [main] PackageRelationshipCollection - Parsing relationship: /_rels/.rels
[DEBUG] 2024-06-11 19:28:42.676 [main] PackageRelationshipCollection - Parsing relationship: /xl/_rels/workbook.xml.rels
[DEBUG] 2024-06-11 19:28:42.678 [main] PackageRelationshipCollection - Parsing relationship: /_rels/.rels
[INFO ] 2024-06-11 19:28:46.556 [main] BaseClass - driver is quit
[DEBUG] 2024-06-11 19:34:05.633 [main] PackageRelationshipCollection - Parsing relationship: /xl/_rels/workbook.xml.rels
[DEBUG] 2024-06-11 19:34:05.652 [main] PackageRelationshipCollection - Parsing relationship: /_rels/.rels
[DEBUG] 2024-06-11 19:34:07.191 [main] PackageRelationshipCollection - Parsing relationship: /xl/_rels/workbook.xml.rels
[DEBUG] 2024-06-11 19:34:07.195 [main] PackageRelationshipCollection - Parsing relationship: /_rels/.rels
[DEBUG] 2024-06-11 19:34:07.263 [main] PackageRelationshipCollection - Parsing relationship: /xl/_rels/workbook.xml.rels
[DEBUG] 2024-06-11 19:34:07.266 [main] PackageRelationshipCollection - Parsing relationship: /_rels/.rels
[DEBUG] 2024-06-11 19:34:07.352 [main] PackageRelationshipCollection - Parsing relationship: /xl/_rels/workbook.xml.rels
[DEBUG] 2024-06-11 19:34:07.354 [main] PackageRelationshipCollection - Parsing relationship: /_rels/.rels
[DEBUG] 2024-06-11 19:34:07.501 [main] PackageRelationshipCollection - Parsing relationship: /xl/_rels/workbook.xml.rels
[DEBUG] 2024-06-11 19:34:07.503 [main] PackageRelationshipCollection - Parsing relationship: /_rels/.rels
[DEBUG] 2024-06-11 19:34:07.618 [main] PackageRelationshipCollection - Parsing relationship: /xl/_rels/workbook.xml.rels
[DEBUG] 2024-06-11 19:34:07.622 [main] PackageRelationshipCollection - Parsing relationship: /_rels/.rels
[INFO ] 2024-06-11 19:34:21.418 [main] BaseClass - driver is quit
[DEBUG] 2024-06-11 19:37:39.870 [main] PackageRelationshipCollection - Parsing relationship: /xl/_rels/workbook.xml.rels
[DEBUG] 2024-06-11 19:37:39.889 [main] PackageRelationshipCollection - Parsing relationship: /_rels/.rels
[DEBUG] 2024-06-11 19:37:41.260 [main] PackageRelationshipCollection - Parsing relationship: /xl/_rels/workbook.xml.rels
[DEBUG] 2024-06-11 19:37:41.264 [main] PackageRelationshipCollection - Parsing relationship: /_rels/.rels
[DEBUG] 2024-06-11 19:37:41.363 [main] PackageRelationshipCollection - Parsing relationship: /xl/_rels/workbook.xml.rels
[DEBUG] 2024-06-11 19:37:41.366 [main] PackageRelationshipCollection - Parsing relationship: /_rels/.rels
[DEBUG] 2024-06-11 19:37:41.468 [main] PackageRelationshipCollection - Parsing relationship: /xl/_rels/workbook.xml.rels
[DEBUG] 2024-06-11 19:37:41.475 [main] PackageRelationshipCollection - Parsing relationship: /_rels/.rels
[DEBUG] 2024-06-11 19:37:41.602 [main] PackageRelationshipCollection - Parsing relationship: /xl/_rels/workbook.xml.rels
[DEBUG] 2024-06-11 19:37:41.605 [main] PackageRelationshipCollection - Parsing relationship: /_rels/.rels
[DEBUG] 2024-06-11 19:37:41.659 [main] PackageRelationshipCollection - Parsing relationship: /xl/_rels/workbook.xml.rels
[DEBUG] 2024-06-11 19:37:41.661 [main] PackageRelationshipCollection - Parsing relationship: /_rels/.rels
[INFO ] 2024-06-11 19:37:45.595 [main] BaseClass - driver is quit
[DEBUG] 2024-06-11 20:00:56.173 [main] PackageRelationshipCollection - Parsing relationship: /xl/_rels/workbook.xml.rels
[DEBUG] 2024-06-11 20:00:56.200 [main] PackageRelationshipCollection - Parsing relationship: /_rels/.rels
[DEBUG] 2024-06-11 20:00:57.762 [main] PackageRelationshipCollection - Parsing relationship: /xl/_rels/workbook.xml.rels
[DEBUG] 2024-06-11 20:00:57.765 [main] PackageRelationshipCollection - Parsing relationship: /_rels/.rels
[DEBUG] 2024-06-11 20:00:57.988 [main] PackageRelationshipCollection - Parsing relationship: /xl/_rels/workbook.xml.rels
[DEBUG] 2024-06-11 20:00:57.991 [main] PackageRelationshipCollection - Parsing relationship: /_rels/.rels
[DEBUG] 2024-06-11 20:00:58.080 [main] PackageRelationshipCollection - Parsing relationship: /xl/_rels/workbook.xml.rels
[DEBUG] 2024-06-11 20:00:58.083 [main] PackageRelationshipCollection - Parsing relationship: /_rels/.rels
[DEBUG] 2024-06-11 20:00:58.237 [main] PackageRelationshipCollection - Parsing relationship: /xl/_rels/workbook.xml.rels
[DEBUG] 2024-06-11 20:00:58.241 [main] PackageRelationshipCollection - Parsing relationship: /_rels/.rels
[DEBUG] 2024-06-11 20:00:58.309 [main] PackageRelationshipCollection - Parsing relationship: /xl/_rels/workbook.xml.rels
[DEBUG] 2024-06-11 20:00:58.313 [main] PackageRelationshipCollection - Parsing relationship: /_rels/.rels
[INFO ] 2024-06-11 20:01:44.526 [main] BaseClass - driver is quit
[DEBUG] 2024-06-11 20:06:52.436 [main] PackageRelationshipCollection - Parsing relationship: /xl/_rels/workbook.xml.rels
[DEBUG] 2024-06-11 20:06:52.460 [main] PackageRelationshipCollection - Parsing relationship: /_rels/.rels
[DEBUG] 2024-06-11 20:06:53.836 [main] PackageRelationshipCollection - Parsing relationship: /xl/_rels/workbook.xml.rels
[DEBUG] 2024-06-11 20:06:53.839 [main] PackageRelationshipCollection - Parsing relationship: /_rels/.rels
[DEBUG] 2024-06-11 20:06:53.896 [main] PackageRelationshipCollection - Parsing relationship: /xl/_rels/workbook.xml.rels
[DEBUG] 2024-06-11 20:06:53.898 [main] PackageRelationshipCollection - Parsing relationship: /_rels/.rels
[DEBUG] 2024-06-11 20:06:53.965 [main] PackageRelationshipCollection - Parsing relationship: /xl/_rels/workbook.xml.rels
[DEBUG] 2024-06-11 20:06:53.967 [main] PackageRelationshipCollection - Parsing relationship: /_rels/.rels
[DEBUG] 2024-06-11 20:06:54.081 [main] PackageRelationshipCollection - Parsing relationship: /xl/_rels/workbook.xml.rels
[DEBUG] 2024-06-11 20:06:54.083 [main] PackageRelationshipCollection - Parsing relationship: /_rels/.rels
[DEBUG] 2024-06-11 20:06:54.131 [main] PackageRelationshipCollection - Parsing relationship: /xl/_rels/workbook.xml.rels
[DEBUG] 2024-06-11 20:06:54.133 [main] PackageRelationshipCollection - Parsing relationship: /_rels/.rels
[INFO ] 2024-06-11 20:06:59.514 [main] BaseClass - driver is quit
[DEBUG] 2024-06-11 20:11:18.977 [main] PackageRelationshipCollection - Parsing relationship: /xl/_rels/workbook.xml.rels
[DEBUG] 2024-06-11 20:11:18.997 [main] PackageRelationshipCollection - Parsing relationship: /_rels/.rels
[DEBUG] 2024-06-11 20:11:20.565 [main] PackageRelationshipCollection - Parsing relationship: /xl/_rels/workbook.xml.rels
[DEBUG] 2024-06-11 20:11:20.569 [main] PackageRelationshipCollection - Parsing relationship: /_rels/.rels
[DEBUG] 2024-06-11 20:11:20.698 [main] PackageRelationshipCollection - Parsing relationship: /xl/_rels/workbook.xml.rels
[DEBUG] 2024-06-11 20:11:20.706 [main] PackageRelationshipCollection - Parsing relationship: /_rels/.rels
[DEBUG] 2024-06-11 20:11:20.885 [main] PackageRelationshipCollection - Parsing relationship: /xl/_rels/workbook.xml.rels
[DEBUG] 2024-06-11 20:11:20.895 [main] PackageRelationshipCollection - Parsing relationship: /_rels/.rels
[DEBUG] 2024-06-11 20:11:21.054 [main] PackageRelationshipCollection - Parsing relationship: /xl/_rels/workbook.xml.rels
[DEBUG] 2024-06-11 20:11:21.058 [main] PackageRelationshipCollection - Parsing relationship: /_rels/.rels
[DEBUG] 2024-06-11 20:11:21.115 [main] PackageRelationshipCollection - Parsing relationship: /xl/_rels/workbook.xml.rels
[DEBUG] 2024-06-11 20:11:21.117 [main] PackageRelationshipCollection - Parsing relationship: /_rels/.rels
[INFO ] 2024-06-11 20:11:26.380 [main] BaseClass - driver is quit
[DEBUG] 2024-06-11 20:14:33.696 [main] PackageRelationshipCollection - Parsing relationship: /xl/_rels/workbook.xml.rels
[DEBUG] 2024-06-11 20:14:33.715 [main] PackageRelationshipCollection - Parsing relationship: /_rels/.rels
[DEBUG] 2024-06-11 20:14:35.327 [main] PackageRelationshipCollection - Parsing relationship: /xl/_rels/workbook.xml.rels
[DEBUG] 2024-06-11 20:14:35.330 [main] PackageRelationshipCollection - Parsing relationship: /_rels/.rels
[DEBUG] 2024-06-11 20:14:35.396 [main] PackageRelationshipCollection - Parsing relationship: /xl/_rels/workbook.xml.rels
[DEBUG] 2024-06-11 20:14:35.398 [main] PackageRelationshipCollection - Parsing relationship: /_rels/.rels
[DEBUG] 2024-06-11 20:14:35.487 [main] PackageRelationshipCollection - Parsing relationship: /xl/_rels/workbook.xml.rels
[DEBUG] 2024-06-11 20:14:35.490 [main] PackageRelationshipCollection - Parsing relationship: /_rels/.rels
[DEBUG] 2024-06-11 20:14:35.629 [main] PackageRelationshipCollection - Parsing relationship: /xl/_rels/workbook.xml.rels
[DEBUG] 2024-06-11 20:14:35.632 [main] PackageRelationshipCollection - Parsing relationship: /_rels/.rels
[DEBUG] 2024-06-11 20:14:35.690 [main] PackageRelationshipCollection - Parsing relationship: /xl/_rels/workbook.xml.rels
[DEBUG] 2024-06-11 20:14:35.693 [main] PackageRelationshipCollection - Parsing relationship: /_rels/.rels
[INFO ] 2024-06-11 20:14:39.972 [main] BaseClass - driver is quit
[DEBUG] 2024-06-11 20:22:07.925 [main] PackageRelationshipCollection - Parsing relationship: /xl/_rels/workbook.xml.rels
[DEBUG] 2024-06-11 20:22:07.948 [main] PackageRelationshipCollection - Parsing relationship: /_rels/.rels
[DEBUG] 2024-06-11 20:22:09.640 [main] PackageRelationshipCollection - Parsing relationship: /xl/_rels/workbook.xml.rels
[DEBUG] 2024-06-11 20:22:09.644 [main] PackageRelationshipCollection - Parsing relationship: /_rels/.rels
[DEBUG] 2024-06-11 20:22:09.718 [main] PackageRelationshipCollection - Parsing relationship: /xl/_rels/workbook.xml.rels
[DEBUG] 2024-06-11 20:22:09.722 [main] PackageRelationshipCollection - Parsing relationship: /_rels/.rels
[DEBUG] 2024-06-11 20:22:09.837 [main] PackageRelationshipCollection - Parsing relationship: /xl/_rels/workbook.xml.rels
[DEBUG] 2024-06-11 20:22:09.841 [main] PackageRelationshipCollection - Parsing relationship: /_rels/.rels
[DEBUG] 2024-06-11 20:22:09.923 [main] PackageRelationshipCollection - Parsing relationship: /xl/_rels/workbook.xml.rels
[DEBUG] 2024-06-11 20:22:09.928 [main] PackageRelationshipCollection - Parsing relationship: /_rels/.rels
[DEBUG] 2024-06-11 20:22:10.016 [main] PackageRelationshipCollection - Parsing relationship: /xl/_rels/workbook.xml.rels
[DEBUG] 2024-06-11 20:22:10.018 [main] PackageRelationshipCollection - Parsing relationship: /_rels/.rels
[INFO ] 2024-06-11 20:22:14.763 [main] BaseClass - driver is quit
[DEBUG] 2024-06-11 20:23:23.009 [main] PackageRelationshipCollection - Parsing relationship: /xl/_rels/workbook.xml.rels
[DEBUG] 2024-06-11 20:23:23.037 [main] PackageRelationshipCollection - Parsing relationship: /_rels/.rels
[DEBUG] 2024-06-11 20:23:24.430 [main] PackageRelationshipCollection - Parsing relationship: /xl/_rels/workbook.xml.rels
[DEBUG] 2024-06-11 20:23:24.433 [main] PackageRelationshipCollection - Parsing relationship: /_rels/.rels
[DEBUG] 2024-06-11 20:23:24.527 [main] PackageRelationshipCollection - Parsing relationship: /xl/_rels/workbook.xml.rels
[DEBUG] 2024-06-11 20:23:24.529 [main] PackageRelationshipCollection - Parsing relationship: /_rels/.rels
[DEBUG] 2024-06-11 20:23:24.717 [main] PackageRelationshipCollection - Parsing relationship: /xl/_rels/workbook.xml.rels
[DEBUG] 2024-06-11 20:23:24.729 [main] PackageRelationshipCollection - Parsing relationship: /_rels/.rels
[DEBUG] 2024-06-11 20:23:24.843 [main] PackageRelationshipCollection - Parsing relationship: /xl/_rels/workbook.xml.rels
[DEBUG] 2024-06-11 20:23:24.846 [main] PackageRelationshipCollection - Parsing relationship: /_rels/.rels
[DEBUG] 2024-06-11 20:23:24.957 [main] PackageRelationshipCollection - Parsing relationship: /xl/_rels/workbook.xml.rels
[DEBUG] 2024-06-11 20:23:24.960 [main] PackageRelationshipCollection - Parsing relationship: /_rels/.rels
[INFO ] 2024-06-11 20:23:29.523 [main] BaseClass - driver is quit
[DEBUG] 2024-06-11 20:29:01.929 [main] PackageRelationshipCollection - Parsing relationship: /xl/_rels/workbook.xml.rels
[DEBUG] 2024-06-11 20:29:01.951 [main] PackageRelationshipCollection - Parsing relationship: /_rels/.rels
[DEBUG] 2024-06-11 20:29:03.534 [main] PackageRelationshipCollection - Parsing relationship: /xl/_rels/workbook.xml.rels
[DEBUG] 2024-06-11 20:29:03.537 [main] PackageRelationshipCollection - Parsing relationship: /_rels/.rels
[DEBUG] 2024-06-11 20:29:03.601 [main] PackageRelationshipCollection - Parsing relationship: /xl/_rels/workbook.xml.rels
[DEBUG] 2024-06-11 20:29:03.604 [main] PackageRelationshipCollection - Parsing relationship: /_rels/.rels
[DEBUG] 2024-06-11 20:29:03.684 [main] PackageRelationshipCollection - Parsing relationship: /xl/_rels/workbook.xml.rels
[DEBUG] 2024-06-11 20:29:03.687 [main] PackageRelationshipCollection - Parsing relationship: /_rels/.rels
[DEBUG] 2024-06-11 20:29:03.841 [main] PackageRelationshipCollection - Parsing relationship: /xl/_rels/workbook.xml.rels
[DEBUG] 2024-06-11 20:29:03.843 [main] PackageRelationshipCollection - Parsing relationship: /_rels/.rels
[DEBUG] 2024-06-11 20:29:03.943 [main] PackageRelationshipCollection - Parsing relationship: /xl/_rels/workbook.xml.rels
[DEBUG] 2024-06-11 20:29:03.945 [main] PackageRelationshipCollection - Parsing relationship: /_rels/.rels
[INFO ] 2024-06-11 20:29:08.079 [main] BaseClass - driver is quit
[DEBUG] 2024-06-11 20:34:06.088 [main] PackageRelationshipCollection - Parsing relationship: /xl/_rels/workbook.xml.rels
[DEBUG] 2024-06-11 20:34:06.107 [main] PackageRelationshipCollection - Parsing relationship: /_rels/.rels
[DEBUG] 2024-06-11 20:34:07.369 [main] PackageRelationshipCollection - Parsing relationship: /xl/_rels/workbook.xml.rels
[DEBUG] 2024-06-11 20:34:07.373 [main] PackageRelationshipCollection - Parsing relationship: /_rels/.rels
[DEBUG] 2024-06-11 20:34:07.439 [main] PackageRelationshipCollection - Parsing relationship: /xl/_rels/workbook.xml.rels
[DEBUG] 2024-06-11 20:34:07.442 [main] PackageRelationshipCollection - Parsing relationship: /_rels/.rels
[DEBUG] 2024-06-11 20:34:07.523 [main] PackageRelationshipCollection - Parsing relationship: /xl/_rels/workbook.xml.rels
[DEBUG] 2024-06-11 20:34:07.526 [main] PackageRelationshipCollection - Parsing relationship: /_rels/.rels
[DEBUG] 2024-06-11 20:34:07.641 [main] PackageRelationshipCollection - Parsing relationship: /xl/_rels/workbook.xml.rels
[DEBUG] 2024-06-11 20:34:07.644 [main] PackageRelationshipCollection - Parsing relationship: /_rels/.rels
[DEBUG] 2024-06-11 20:34:07.849 [main] PackageRelationshipCollection - Parsing relationship: /xl/_rels/workbook.xml.rels
[DEBUG] 2024-06-11 20:34:07.851 [main] PackageRelationshipCollection - Parsing relationship: /_rels/.rels
[INFO ] 2024-06-11 20:34:14.588 [main] BaseClass - driver is quit
[DEBUG] 2024-06-11 20:37:26.811 [main] PackageRelationshipCollection - Parsing relationship: /xl/_rels/workbook.xml.rels
[DEBUG] 2024-06-11 20:37:26.829 [main] PackageRelationshipCollection - Parsing relationship: /_rels/.rels
[DEBUG] 2024-06-11 20:37:29.837 [main] PackageRelationshipCollection - Parsing relationship: /xl/_rels/workbook.xml.rels
[DEBUG] 2024-06-11 20:37:29.841 [main] PackageRelationshipCollection - Parsing relationship: /_rels/.rels
[DEBUG] 2024-06-11 20:37:30.040 [main] PackageRelationshipCollection - Parsing relationship: /xl/_rels/workbook.xml.rels
[DEBUG] 2024-06-11 20:37:30.043 [main] PackageRelationshipCollection - Parsing relationship: /_rels/.rels
[DEBUG] 2024-06-11 20:37:30.199 [main] PackageRelationshipCollection - Parsing relationship: /xl/_rels/workbook.xml.rels
[DEBUG] 2024-06-11 20:37:30.206 [main] PackageRelationshipCollection - Parsing relationship: /_rels/.rels
[DEBUG] 2024-06-11 20:37:30.300 [main] PackageRelationshipCollection - Parsing relationship: /xl/_rels/workbook.xml.rels
[DEBUG] 2024-06-11 20:37:30.302 [main] PackageRelationshipCollection - Parsing relationship: /_rels/.rels
[DEBUG] 2024-06-11 20:37:30.368 [main] PackageRelationshipCollection - Parsing relationship: /xl/_rels/workbook.xml.rels
[DEBUG] 2024-06-11 20:37:30.370 [main] PackageRelationshipCollection - Parsing relationship: /_rels/.rels
[INFO ] 2024-06-11 20:37:35.221 [main] BaseClass - driver is quit
[DEBUG] 2024-06-11 20:38:39.879 [main] PackageRelationshipCollection - Parsing relationship: /xl/_rels/workbook.xml.rels
[DEBUG] 2024-06-11 20:38:39.895 [main] PackageRelationshipCollection - Parsing relationship: /_rels/.rels
[DEBUG] 2024-06-11 20:38:41.214 [main] PackageRelationshipCollection - Parsing relationship: /xl/_rels/workbook.xml.rels
[DEBUG] 2024-06-11 20:38:41.217 [main] PackageRelationshipCollection - Parsing relationship: /_rels/.rels
[DEBUG] 2024-06-11 20:38:41.311 [main] PackageRelationshipCollection - Parsing relationship: /xl/_rels/workbook.xml.rels
[DEBUG] 2024-06-11 20:38:41.316 [main] PackageRelationshipCollection - Parsing relationship: /_rels/.rels
[DEBUG] 2024-06-11 20:38:41.425 [main] PackageRelationshipCollection - Parsing relationship: /xl/_rels/workbook.xml.rels
[DEBUG] 2024-06-11 20:38:41.435 [main] PackageRelationshipCollection - Parsing relationship: /_rels/.rels
[DEBUG] 2024-06-11 20:38:41.506 [main] PackageRelationshipCollection - Parsing relationship: /xl/_rels/workbook.xml.rels
[DEBUG] 2024-06-11 20:38:41.508 [main] PackageRelationshipCollection - Parsing relationship: /_rels/.rels
[DEBUG] 2024-06-11 20:38:41.561 [main] PackageRelationshipCollection - Parsing relationship: /xl/_rels/workbook.xml.rels
[DEBUG] 2024-06-11 20:38:41.564 [main] PackageRelationshipCollection - Parsing relationship: /_rels/.rels
[INFO ] 2024-06-11 20:38:46.085 [main] BaseClass - driver is quit
[DEBUG] 2024-06-11 20:40:37.186 [main] PackageRelationshipCollection - Parsing relationship: /xl/_rels/workbook.xml.rels
[DEBUG] 2024-06-11 20:40:37.198 [main] PackageRelationshipCollection - Parsing relationship: /_rels/.rels
[DEBUG] 2024-06-11 20:40:38.618 [main] PackageRelationshipCollection - Parsing relationship: /xl/_rels/workbook.xml.rels
[DEBUG] 2024-06-11 20:40:38.628 [main] PackageRelationshipCollection - Parsing relationship: /_rels/.rels
[DEBUG] 2024-06-11 20:40:38.726 [main] PackageRelationshipCollection - Parsing relationship: /xl/_rels/workbook.xml.rels
[DEBUG] 2024-06-11 20:40:38.728 [main] PackageRelationshipCollection - Parsing relationship: /_rels/.rels
[DEBUG] 2024-06-11 20:40:38.814 [main] PackageRelationshipCollection - Parsing relationship: /xl/_rels/workbook.xml.rels
[DEBUG] 2024-06-11 20:40:38.816 [main] PackageRelationshipCollection - Parsing relationship: /_rels/.rels
[DEBUG] 2024-06-11 20:40:38.883 [main] PackageRelationshipCollection - Parsing relationship: /xl/_rels/workbook.xml.rels
[DEBUG] 2024-06-11 20:40:38.886 [main] PackageRelationshipCollection - Parsing relationship: /_rels/.rels
[DEBUG] 2024-06-11 20:40:38.979 [main] PackageRelationshipCollection - Parsing relationship: /xl/_rels/workbook.xml.rels
[DEBUG] 2024-06-11 20:40:38.981 [main] PackageRelationshipCollection - Parsing relationship: /_rels/.rels
[INFO ] 2024-06-11 20:40:43.143 [main] BaseClass - driver is quit
[DEBUG] 2024-06-11 20:42:49.315 [main] PackageRelationshipCollection - Parsing relationship: /xl/_rels/workbook.xml.rels
[DEBUG] 2024-06-11 20:42:49.326 [main] PackageRelationshipCollection - Parsing relationship: /_rels/.rels
[DEBUG] 2024-06-11 20:42:50.625 [main] PackageRelationshipCollection - Parsing relationship: /xl/_rels/workbook.xml.rels
[DEBUG] 2024-06-11 20:42:50.628 [main] PackageRelationshipCollection - Parsing relationship: /_rels/.rels
[DEBUG] 2024-06-11 20:42:50.729 [main] PackageRelationshipCollection - Parsing relationship: /xl/_rels/workbook.xml.rels
[DEBUG] 2024-06-11 20:42:50.732 [main] PackageRelationshipCollection - Parsing relationship: /_rels/.rels
[DEBUG] 2024-06-11 20:42:50.847 [main] PackageRelationshipCollection - Parsing relationship: /xl/_rels/workbook.xml.rels
[DEBUG] 2024-06-11 20:42:50.854 [main] PackageRelationshipCollection - Parsing relationship: /_rels/.rels
[DEBUG] 2024-06-11 20:42:50.974 [main] PackageRelationshipCollection - Parsing relationship: /xl/_rels/workbook.xml.rels
[DEBUG] 2024-06-11 20:42:50.976 [main] PackageRelationshipCollection - Parsing relationship: /_rels/.rels
[DEBUG] 2024-06-11 20:42:51.022 [main] PackageRelationshipCollection - Parsing relationship: /xl/_rels/workbook.xml.rels
[DEBUG] 2024-06-11 20:42:51.024 [main] PackageRelationshipCollection - Parsing relationship: /_rels/.rels
[INFO ] 2024-06-11 20:42:56.010 [main] BaseClass - driver is quit
[DEBUG] 2024-06-11 20:45:56.699 [main] PackageRelationshipCollection - Parsing relationship: /xl/_rels/workbook.xml.rels
[DEBUG] 2024-06-11 20:45:56.713 [main] PackageRelationshipCollection - Parsing relationship: /_rels/.rels
[DEBUG] 2024-06-11 20:45:58.154 [main] PackageRelationshipCollection - Parsing relationship: /xl/_rels/workbook.xml.rels
[DEBUG] 2024-06-11 20:45:58.157 [main] PackageRelationshipCollection - Parsing relationship: /_rels/.rels
[DEBUG] 2024-06-11 20:45:58.233 [main] PackageRelationshipCollection - Parsing relationship: /xl/_rels/workbook.xml.rels
[DEBUG] 2024-06-11 20:45:58.236 [main] PackageRelationshipCollection - Parsing relationship: /_rels/.rels
[DEBUG] 2024-06-11 20:45:58.325 [main] PackageRelationshipCollection - Parsing relationship: /xl/_rels/workbook.xml.rels
[DEBUG] 2024-06-11 20:45:58.327 [main] PackageRelationshipCollection - Parsing relationship: /_rels/.rels
[DEBUG] 2024-06-11 20:45:58.388 [main] PackageRelationshipCollection - Parsing relationship: /xl/_rels/workbook.xml.rels
[DEBUG] 2024-06-11 20:45:58.391 [main] PackageRelationshipCollection - Parsing relationship: /_rels/.rels
[DEBUG] 2024-06-11 20:45:58.446 [main] PackageRelationshipCollection - Parsing relationship: /xl/_rels/workbook.xml.rels
[DEBUG] 2024-06-11 20:45:58.448 [main] PackageRelationshipCollection - Parsing relationship: /_rels/.rels
[INFO ] 2024-06-11 20:46:03.085 [main] BaseClass - driver is quit
[DEBUG] 2024-06-11 20:48:19.127 [main] PackageRelationshipCollection - Parsing relationship: /xl/_rels/workbook.xml.rels
[DEBUG] 2024-06-11 20:48:19.142 [main] PackageRelationshipCollection - Parsing relationship: /_rels/.rels
[DEBUG] 2024-06-11 20:48:20.438 [main] PackageRelationshipCollection - Parsing relationship: /xl/_rels/workbook.xml.rels
[DEBUG] 2024-06-11 20:48:20.441 [main] PackageRelationshipCollection - Parsing relationship: /_rels/.rels
[DEBUG] 2024-06-11 20:48:20.513 [main] PackageRelationshipCollection - Parsing relationship: /xl/_rels/workbook.xml.rels
[DEBUG] 2024-06-11 20:48:20.517 [main] PackageRelationshipCollection - Parsing relationship: /_rels/.rels
[DEBUG] 2024-06-11 20:48:20.612 [main] PackageRelationshipCollection - Parsing relationship: /xl/_rels/workbook.xml.rels
[DEBUG] 2024-06-11 20:48:20.615 [main] PackageRelationshipCollection - Parsing relationship: /_rels/.rels
[DEBUG] 2024-06-11 20:48:20.669 [main] PackageRelationshipCollection - Parsing relationship: /xl/_rels/workbook.xml.rels
[DEBUG] 2024-06-11 20:48:20.672 [main] PackageRelationshipCollection - Parsing relationship: /_rels/.rels
[DEBUG] 2024-06-11 20:48:20.736 [main] PackageRelationshipCollection - Parsing relationship: /xl/_rels/workbook.xml.rels
[DEBUG] 2024-06-11 20:48:20.738 [main] PackageRelationshipCollection - Parsing relationship: /_rels/.rels
[INFO ] 2024-06-11 20:48:24.981 [main] BaseClass - driver is quit
[DEBUG] 2024-06-11 20:49:58.222 [main] PackageRelationshipCollection - Parsing relationship: /xl/_rels/workbook.xml.rels
[DEBUG] 2024-06-11 20:49:58.236 [main] PackageRelationshipCollection - Parsing relationship: /_rels/.rels
[DEBUG] 2024-06-11 20:49:59.592 [main] PackageRelationshipCollection - Parsing relationship: /xl/_rels/workbook.xml.rels
[DEBUG] 2024-06-11 20:49:59.595 [main] PackageRelationshipCollection - Parsing relationship: /_rels/.rels
[DEBUG] 2024-06-11 20:49:59.693 [main] PackageRelationshipCollection - Parsing relationship: /xl/_rels/workbook.xml.rels
[DEBUG] 2024-06-11 20:49:59.697 [main] PackageRelationshipCollection - Parsing relationship: /_rels/.rels
[DEBUG] 2024-06-11 20:49:59.800 [main] PackageRelationshipCollection - Parsing relationship: /xl/_rels/workbook.xml.rels
[DEBUG] 2024-06-11 20:49:59.803 [main] PackageRelationshipCollection - Parsing relationship: /_rels/.rels
[DEBUG] 2024-06-11 20:49:59.894 [main] PackageRelationshipCollection - Parsing relationship: /xl/_rels/workbook.xml.rels
[DEBUG] 2024-06-11 20:49:59.896 [main] PackageRelationshipCollection - Parsing relationship: /_rels/.rels
[DEBUG] 2024-06-11 20:49:59.986 [main] PackageRelationshipCollection - Parsing relationship: /xl/_rels/workbook.xml.rels
[DEBUG] 2024-06-11 20:49:59.990 [main] PackageRelationshipCollection - Parsing relationship: /_rels/.rels
[INFO ] 2024-06-11 20:50:04.424 [main] BaseClass - driver is quit
[DEBUG] 2024-06-11 20:53:52.653 [main] PackageRelationshipCollection - Parsing relationship: /xl/_rels/workbook.xml.rels
[DEBUG] 2024-06-11 20:53:52.669 [main] PackageRelationshipCollection - Parsing relationship: /_rels/.rels
[DEBUG] 2024-06-11 20:53:54.001 [main] PackageRelationshipCollection - Parsing relationship: /xl/_rels/workbook.xml.rels
[DEBUG] 2024-06-11 20:53:54.005 [main] PackageRelationshipCollection - Parsing relationship: /_rels/.rels
[DEBUG] 2024-06-11 20:53:54.090 [main] PackageRelationshipCollection - Parsing relationship: /xl/_rels/workbook.xml.rels
[DEBUG] 2024-06-11 20:53:54.093 [main] PackageRelationshipCollection - Parsing relationship: /_rels/.rels
[DEBUG] 2024-06-11 20:53:54.182 [main] PackageRelationshipCollection - Parsing relationship: /xl/_rels/workbook.xml.rels
[DEBUG] 2024-06-11 20:53:54.185 [main] PackageRelationshipCollection - Parsing relationship: /_rels/.rels
[DEBUG] 2024-06-11 20:53:54.256 [main] PackageRelationshipCollection - Parsing relationship: /xl/_rels/workbook.xml.rels
[DEBUG] 2024-06-11 20:53:54.258 [main] PackageRelationshipCollection - Parsing relationship: /_rels/.rels
[DEBUG] 2024-06-11 20:53:54.353 [main] PackageRelationshipCollection - Parsing relationship: /xl/_rels/workbook.xml.rels
[DEBUG] 2024-06-11 20:53:54.356 [main] PackageRelationshipCollection - Parsing relationship: /_rels/.rels
[INFO ] 2024-06-11 20:53:58.368 [main] BaseClass - driver is quit
[DEBUG] 2024-06-11 20:57:52.590 [main] PackageRelationshipCollection - Parsing relationship: /xl/_rels/workbook.xml.rels
[DEBUG] 2024-06-11 20:57:52.606 [main] PackageRelationshipCollection - Parsing relationship: /_rels/.rels
[DEBUG] 2024-06-11 20:57:53.986 [main] PackageRelationshipCollection - Parsing relationship: /xl/_rels/workbook.xml.rels
[DEBUG] 2024-06-11 20:57:53.990 [main] PackageRelationshipCollection - Parsing relationship: /_rels/.rels
[DEBUG] 2024-06-11 20:57:54.100 [main] PackageRelationshipCollection - Parsing relationship: /xl/_rels/workbook.xml.rels
[DEBUG] 2024-06-11 20:57:54.103 [main] PackageRelationshipCollection - Parsing relationship: /_rels/.rels
[DEBUG] 2024-06-11 20:57:54.203 [main] PackageRelationshipCollection - Parsing relationship: /xl/_rels/workbook.xml.rels
[DEBUG] 2024-06-11 20:57:54.206 [main] PackageRelationshipCollection - Parsing relationship: /_rels/.rels
[DEBUG] 2024-06-11 20:57:54.278 [main] PackageRelationshipCollection - Parsing relationship: /xl/_rels/workbook.xml.rels
[DEBUG] 2024-06-11 20:57:54.281 [main] PackageRelationshipCollection - Parsing relationship: /_rels/.rels
[DEBUG] 2024-06-11 20:57:54.381 [main] PackageRelationshipCollection - Parsing relationship: /xl/_rels/workbook.xml.rels
[DEBUG] 2024-06-11 20:57:54.384 [main] PackageRelationshipCollection - Parsing relationship: /_rels/.rels
[INFO ] 2024-06-11 20:58:00.715 [main] BaseClass - driver is quit
[DEBUG] 2024-06-13 10:32:49.847 [main] PackageRelationshipCollection - Parsing relationship: /xl/_rels/workbook.xml.rels
[DEBUG] 2024-06-13 10:32:49.879 [main] PackageRelationshipCollection - Parsing relationship: /_rels/.rels
[DEBUG] 2024-06-13 10:32:51.119 [main] PackageRelationshipCollection - Parsing relationship: /xl/_rels/workbook.xml.rels
[DEBUG] 2024-06-13 10:32:51.122 [main] PackageRelationshipCollection - Parsing relationship: /_rels/.rels
[DEBUG] 2024-06-13 10:32:51.190 [main] PackageRelationshipCollection - Parsing relationship: /xl/_rels/workbook.xml.rels
[DEBUG] 2024-06-13 10:32:51.193 [main] PackageRelationshipCollection - Parsing relationship: /_rels/.rels
[DEBUG] 2024-06-13 10:32:51.278 [main] PackageRelationshipCollection - Parsing relationship: /xl/_rels/workbook.xml.rels
[DEBUG] 2024-06-13 10:32:51.281 [main] PackageRelationshipCollection - Parsing relationship: /_rels/.rels
[DEBUG] 2024-06-13 10:32:51.336 [main] PackageRelationshipCollection - Parsing relationship: /xl/_rels/workbook.xml.rels
[DEBUG] 2024-06-13 10:32:51.338 [main] PackageRelationshipCollection - Parsing relationship: /_rels/.rels
[DEBUG] 2024-06-13 10:32:51.390 [main] PackageRelationshipCollection - Parsing relationship: /xl/_rels/workbook.xml.rels
[DEBUG] 2024-06-13 10:32:51.392 [main] PackageRelationshipCollection - Parsing relationship: /_rels/.rels
[INFO ] 2024-06-13 10:32:58.490 [main] BaseClass - driver is quit
[DEBUG] 2024-06-13 12:09:36.471 [main] PackageRelationshipCollection - Parsing relationship: /xl/_rels/workbook.xml.rels
[DEBUG] 2024-06-13 12:09:36.492 [main] PackageRelationshipCollection - Parsing relationship: /_rels/.rels
[DEBUG] 2024-06-13 12:09:37.553 [main] PackageRelationshipCollection - Parsing relationship: /xl/_rels/workbook.xml.rels
[DEBUG] 2024-06-13 12:09:37.556 [main] PackageRelationshipCollection - Parsing relationship: /_rels/.rels
[DEBUG] 2024-06-13 12:09:37.652 [main] PackageRelationshipCollection - Parsing relationship: /xl/_rels/workbook.xml.rels
[DEBUG] 2024-06-13 12:09:37.654 [main] PackageRelationshipCollection - Parsing relationship: /_rels/.rels
[DEBUG] 2024-06-13 12:09:37.725 [main] PackageRelationshipCollection - Parsing relationship: /xl/_rels/workbook.xml.rels
[DEBUG] 2024-06-13 12:09:37.731 [main] PackageRelationshipCollection - Parsing relationship: /_rels/.rels
[DEBUG] 2024-06-13 12:09:37.807 [main] PackageRelationshipCollection - Parsing relationship: /xl/_rels/workbook.xml.rels
[DEBUG] 2024-06-13 12:09:37.809 [main] PackageRelationshipCollection - Parsing relationship: /_rels/.rels
[DEBUG] 2024-06-13 12:09:37.871 [main] PackageRelationshipCollection - Parsing relationship: /xl/_rels/workbook.xml.rels
[DEBUG] 2024-06-13 12:09:37.875 [main] PackageRelationshipCollection - Parsing relationship: /_rels/.rels
[INFO ] 2024-06-13 12:09:41.887 [main] BaseClass - driver is quit
[DEBUG] 2024-06-13 12:34:19.452 [main] PackageRelationshipCollection - Parsing relationship: /xl/_rels/workbook.xml.rels
[DEBUG] 2024-06-13 12:34:19.468 [main] PackageRelationshipCollection - Parsing relationship: /_rels/.rels
[DEBUG] 2024-06-13 12:34:20.635 [main] PackageRelationshipCollection - Parsing relationship: /xl/_rels/workbook.xml.rels
[DEBUG] 2024-06-13 12:34:20.642 [main] PackageRelationshipCollection - Parsing relationship: /_rels/.rels
[DEBUG] 2024-06-13 12:34:20.718 [main] PackageRelationshipCollection - Parsing relationship: /xl/_rels/workbook.xml.rels
[DEBUG] 2024-06-13 12:34:20.721 [main] PackageRelationshipCollection - Parsing relationship: /_rels/.rels
[DEBUG] 2024-06-13 12:34:20.800 [main] PackageRelationshipCollection - Parsing relationship: /xl/_rels/workbook.xml.rels
[DEBUG] 2024-06-13 12:34:20.802 [main] PackageRelationshipCollection - Parsing relationship: /_rels/.rels
[DEBUG] 2024-06-13 12:34:20.862 [main] PackageRelationshipCollection - Parsing relationship: /xl/_rels/workbook.xml.rels
[DEBUG] 2024-06-13 12:34:20.864 [main] PackageRelationshipCollection - Parsing relationship: /_rels/.rels
[DEBUG] 2024-06-13 12:34:20.962 [main] PackageRelationshipCollection - Parsing relationship: /xl/_rels/workbook.xml.rels
[DEBUG] 2024-06-13 12:34:20.973 [main] PackageRelationshipCollection - Parsing relationship: /_rels/.rels
[INFO ] 2024-06-13 12:34:24.510 [main] BaseClass - driver is quit
[INFO ] 2024-06-13 12:41:35.112 [main] BaseClass - driver is quit
[INFO ] 2024-06-13 12:47:20.274 [main] BaseClass - driver is quit
[INFO ] 2024-06-13 12:50:12.362 [main] BaseClass - driver is quit
[INFO ] 2024-06-13 12:53:34.519 [main] BaseClass - driver is quit
[INFO ] 2024-06-13 12:56:52.027 [main] BaseClass - driver is quit
[INFO ] 2024-06-13 12:57:58.878 [main] BaseClass - driver is quit
[INFO ] 2024-06-13 13:01:00.848 [main] BaseClass - driver is quit
[DEBUG] 2024-06-13 13:05:26.477 [main] PackageRelationshipCollection - Parsing relationship: /xl/_rels/workbook.xml.rels
[DEBUG] 2024-06-13 13:05:26.489 [main] PackageRelationshipCollection - Parsing relationship: /_rels/.rels
[DEBUG] 2024-06-13 13:05:28.076 [main] PackageRelationshipCollection - Parsing relationship: /xl/_rels/workbook.xml.rels
[DEBUG] 2024-06-13 13:05:28.081 [main] PackageRelationshipCollection - Parsing relationship: /_rels/.rels
[DEBUG] 2024-06-13 13:05:28.165 [main] PackageRelationshipCollection - Parsing relationship: /xl/_rels/workbook.xml.rels
[DEBUG] 2024-06-13 13:05:28.167 [main] PackageRelationshipCollection - Parsing relationship: /_rels/.rels
[DEBUG] 2024-06-13 13:05:28.272 [main] PackageRelationshipCollection - Parsing relationship: /xl/_rels/workbook.xml.rels
[DEBUG] 2024-06-13 13:05:28.275 [main] PackageRelationshipCollection - Parsing relationship: /_rels/.rels
[DEBUG] 2024-06-13 13:05:28.333 [main] PackageRelationshipCollection - Parsing relationship: /xl/_rels/workbook.xml.rels
[DEBUG] 2024-06-13 13:05:28.336 [main] PackageRelationshipCollection - Parsing relationship: /_rels/.rels
[DEBUG] 2024-06-13 13:05:28.444 [main] PackageRelationshipCollection - Parsing relationship: /xl/_rels/workbook.xml.rels
[DEBUG] 2024-06-13 13:05:28.446 [main] PackageRelationshipCollection - Parsing relationship: /_rels/.rels
[INFO ] 2024-06-13 13:05:30.729 [main] BaseClass - driver is quit
[DEBUG] 2024-06-13 13:05:57.528 [main] PackageRelationshipCollection - Parsing relationship: /xl/_rels/workbook.xml.rels
[DEBUG] 2024-06-13 13:05:57.535 [main] PackageRelationshipCollection - Parsing relationship: /_rels/.rels
[DEBUG] 2024-06-13 13:05:58.783 [main] PackageRelationshipCollection - Parsing relationship: /xl/_rels/workbook.xml.rels
[DEBUG] 2024-06-13 13:05:58.786 [main] PackageRelationshipCollection - Parsing relationship: /_rels/.rels
[DEBUG] 2024-06-13 13:05:58.910 [main] PackageRelationshipCollection - Parsing relationship: /xl/_rels/workbook.xml.rels
[DEBUG] 2024-06-13 13:05:58.912 [main] PackageRelationshipCollection - Parsing relationship: /_rels/.rels
[DEBUG] 2024-06-13 13:05:58.994 [main] PackageRelationshipCollection - Parsing relationship: /xl/_rels/workbook.xml.rels
[DEBUG] 2024-06-13 13:05:58.996 [main] PackageRelationshipCollection - Parsing relationship: /_rels/.rels
[DEBUG] 2024-06-13 13:05:59.048 [main] PackageRelationshipCollection - Parsing relationship: /xl/_rels/workbook.xml.rels
[DEBUG] 2024-06-13 13:05:59.049 [main] PackageRelationshipCollection - Parsing relationship: /_rels/.rels
[DEBUG] 2024-06-13 13:05:59.125 [main] PackageRelationshipCollection - Parsing relationship: /xl/_rels/workbook.xml.rels
[DEBUG] 2024-06-13 13:05:59.127 [main] PackageRelationshipCollection - Parsing relationship: /_rels/.rels
[INFO ] 2024-06-13 13:06:03.070 [main] BaseClass - driver is quit
[INFO ] 2024-06-13 13:10:57.372 [main] BaseClass - driver is quit
[INFO ] 2024-06-13 13:11:29.357 [main] BaseClass - driver is quit
[INFO ] 2024-06-13 13:16:21.489 [main] BaseClass - driver is quit
